<?xml version="1.0" encoding="UTF-8"?>
<!-- Generated by org.testng.reporters.JUnitXMLReporter -->
<testsuite ignored="0" hostname="Muhindhar" failures="0" tests="3" name="Default test" time="45.649" errors="0" timestamp="2026-06-22T23:24:55 IST">
  <testcase classname="com.tests.Test_TogglePin" name="delete_invalidNoteIdFormat" time="4.577"/>
  <testcase classname="com.tests.Test_TogglePin" name="togglePin" time="16.39"/>
  <testcase classname="com.tests.Test_TogglePin" name="togglePin_invalidNoteId" time="16.194"/>
</testsuite> <!-- Default test -->
