<?xml version="1.0" encoding="UTF-8"?>
<testng-results ignored="0" total="1" passed="1" failed="0" skipped="0">
  <reporter-output>
  </reporter-output>
  <suite started-at="2026-06-15T22:10:55 IST" name="Default suite" finished-at="2026-06-15T22:11:41 IST" duration-ms="46588">
    <groups>
    </groups>
    <test started-at="2026-06-15T22:10:55 IST" name="Default test" finished-at="2026-06-15T22:11:41 IST" duration-ms="46588">
      <class name="com.tests.Patch">
        <test-method signature="f()[pri:0, instance:com.tests.Patch@73a1e9a9]" started-at="2026-06-15T22:10:55 IST" name="f" finished-at="2026-06-15T22:11:41 IST" duration-ms="46539" status="PASS">
          <reporter-output>
          </reporter-output>
        </test-method> <!-- f -->
      </class> <!-- com.tests.Patch -->
    </test> <!-- Default test -->
  </suite> <!-- Default suite -->
</testng-results>
