<?xml version="1.0" encoding="UTF-8"?>
<testng-results ignored="0" total="1" passed="1" failed="0" skipped="0">
  <reporter-output>
  </reporter-output>
  <suite started-at="2026-06-17T09:57:30 IST" name="Default suite" finished-at="2026-06-17T09:57:32 IST" duration-ms="1584">
    <groups>
    </groups>
    <test started-at="2026-06-17T09:57:30 IST" name="Default test" finished-at="2026-06-17T09:57:32 IST" duration-ms="1584">
      <class name="com.tests.Post">
        <test-method signature="post()[pri:0, instance:com.tests.Post@73a1e9a9]" started-at="2026-06-17T09:57:30 IST" name="post" finished-at="2026-06-17T09:57:32 IST" duration-ms="1548" status="PASS">
          <reporter-output>
          </reporter-output>
        </test-method> <!-- post -->
      </class> <!-- com.tests.Post -->
    </test> <!-- Default test -->
  </suite> <!-- Default suite -->
</testng-results>
