<?xml version="1.0" encoding="UTF-8"?>
<!-- Generated by org.testng.reporters.JUnitReportReporter -->
<testsuite hostname="Muhindhar" failures="0" tests="3" name="com.tests.Test_TogglePin" time="37.161" errors="0" timestamp="2026-06-22T23:24:55 IST" skipped="0">
  <testcase classname="com.tests.Test_TogglePin" name="togglePin" time="16.390"/>
  <testcase classname="com.tests.Test_TogglePin" name="togglePin_invalidNoteId" time="16.194"/>
  <testcase classname="com.tests.Test_TogglePin" name="delete_invalidNoteIdFormat" time="4.577"/>
</testsuite> <!-- com.tests.Test_TogglePin -->
