<?xml version="1.0" encoding="UTF-8"?>
<!-- Generated by org.testng.reporters.JUnitReportReporter -->
<testsuite hostname="Muhindhar" failures="0" tests="4" name="com.tests.Test_login" time="11.691" errors="0" timestamp="2026-06-22T21:45:11 IST" skipped="0">
  <testcase classname="com.tests.Test_login" name="invalidLogin" time="0.755"/>
  <testcase classname="com.tests.Test_login" name="wrongpass" time="3.726"/>
  <testcase classname="com.tests.Test_login" name="fields" time="3.068"/>
  <testcase classname="com.tests.Test_login" name="login" time="4.142"/>
</testsuite> <!-- com.tests.Test_login -->
