<?xml version="1.0" encoding="UTF-8"?>
<!-- Generated by org.testng.reporters.JUnitReportReporter -->
<testsuite hostname="Muhindhar" failures="0" tests="3" name="com.tests.Test_GetNotes" time="7.604" errors="0" timestamp="2026-06-22T23:09:20 IST" skipped="0">
  <testcase classname="com.tests.Test_GetNotes" name="getnotes" time="3.016"/>
  <testcase classname="com.tests.Test_GetNotes" name="valid_withqparam2" time="2.692"/>
  <testcase classname="com.tests.Test_GetNotes" name="valid_withqparam1" time="1.896"/>
</testsuite> <!-- com.tests.Test_GetNotes -->
