<?xml version="1.0" encoding="UTF-8"?>
<!-- Generated by org.testng.reporters.JUnitReportReporter -->
<testsuite hostname="Muhindhar" failures="0" tests="3" name="com.tests.Test_GetRole" time="5.073" errors="0" timestamp="2026-06-22T22:10:49 IST" skipped="0">
  <testcase classname="com.tests.Test_GetRole" name="get_role_invalid_endpoint" time="1.757"/>
  <testcase classname="com.tests.Test_GetRole" name="get_role_invalid_token" time="0.894"/>
  <testcase classname="com.tests.Test_GetRole" name="role" time="2.422"/>
</testsuite> <!-- com.tests.Test_GetRole -->
